\BOOKMARK [-1][-]{part.1}{I El mundo m\363vil y Android}{}% 1
\BOOKMARK [0][-]{chapter.1}{\277Por qu\351 una aplicaci\363n m\363vil?}{part.1}% 2
\BOOKMARK [1][-]{section.1.1}{El mundo m\363vil}{chapter.1}% 3
\BOOKMARK [1][-]{section.1.2}{La historia del mundo m\363vil}{chapter.1}% 4
\BOOKMARK [1][-]{section.1.3}{Los grandes de hoy en d\355a}{chapter.1}% 5
\BOOKMARK [1][-]{section.1.4}{El mercado m\363vil}{chapter.1}% 6
\BOOKMARK [0][-]{chapter.2}{\277Por Qu\351 Una Aplicaci\363n en Android?}{part.1}% 7
\BOOKMARK [-1][-]{part.2}{II Conociendo Android}{}% 8
\BOOKMARK [0][-]{chapter.3}{Prepar\341ndolo todo}{part.2}% 9
\BOOKMARK [1][-]{section.3.1}{El SDK de Android}{chapter.3}% 10
\BOOKMARK [0][-]{chapter.4}{Mi primera actividad}{part.2}% 11
\BOOKMARK [1][-]{section.4.1}{Creando un proyecto Android}{chapter.4}% 12
\BOOKMARK [1][-]{section.4.2}{Hola mundo y el simulador de Android}{chapter.4}% 13
\BOOKMARK [-1][-]{part.3}{III Interacci\363n con Android}{}% 14
\BOOKMARK [0][-]{chapter.5}{Java y Android}{part.3}% 15
\BOOKMARK [1][-]{section.5.1}{Aplicaciones Java de Escritorio}{chapter.5}% 16
\BOOKMARK [1][-]{section.5.2}{Tipos de datos compartidos}{chapter.5}% 17
\BOOKMARK [1][-]{section.5.3}{Exportaci\363n y conexi\363n}{chapter.5}% 18
\BOOKMARK [-1][-]{part.4}{IV MAEOCS Desktop Application}{}% 19
\BOOKMARK [0][-]{section.5.4}{Introducci\363n}{part.4}% 20
\BOOKMARK [1][-]{section.5.5}{Contexto}{section.5.4}% 21
\BOOKMARK [2][-]{subsection.5.5.1}{Planteamiento del problema}{section.5.5}% 22
\BOOKMARK [2][-]{subsection.5.5.2}{Marco Te\363rico}{section.5.5}% 23
\BOOKMARK [1][-]{section.5.6}{Requerimientos}{section.5.4}% 24
\BOOKMARK [2][-]{subsection.5.6.1}{Descripci\363n del sistema}{section.5.6}% 25
\BOOKMARK [2][-]{subsection.5.6.2}{Visi\363n y alcance}{section.5.6}% 26
\BOOKMARK [2][-]{subsection.5.6.3}{Usuarios}{section.5.6}% 27
\BOOKMARK [2][-]{subsection.5.6.4}{Matriz de requerimientos}{section.5.6}% 28
\BOOKMARK [1][-]{section.5.7}{An\341lisis}{section.5.4}% 29
\BOOKMARK [2][-]{subsection.5.7.1}{Descripci\363n del subsistema}{section.5.7}% 30
\BOOKMARK [2][-]{subsection.5.7.2}{Diagrama de Casos de Uso}{section.5.7}% 31
\BOOKMARK [2][-]{subsection.5.7.3}{Diagramas de secuencia}{section.5.7}% 32
\BOOKMARK [2][-]{subsection.5.7.4}{Contratos de operaci\363n}{section.5.7}% 33
\BOOKMARK [2][-]{subsection.5.7.5}{Especificaci\363n de casos de uso}{section.5.7}% 34
\BOOKMARK [1][-]{section.5.8}{Dise\361o}{section.5.4}% 35
\BOOKMARK [2][-]{subsection.5.8.1}{Diagrama de clases}{section.5.8}% 36
\BOOKMARK [2][-]{subsection.5.8.2}{Arquitectura del sistema}{section.5.8}% 37
\BOOKMARK [0][-]{section*.2}{Glossary}{part.4}% 38
