This is pdfTeX, Version 3.1415926-2.4-1.40.13 (TeX Live 2012) (format=pdflatex 2012.6.30)  14 MAY 2013 02:07
entering extended mode
 restricted \write18 enabled.
 %&-line parsing enabled.
**exbook2013.tex
(./exbook2013.tex
LaTeX2e <2011/06/27>
Babel <v3.8m> and hyphenation patterns for english, dumylang, nohyphenation, ge
rman-x-2012-05-30, ngerman-x-2012-05-30, afrikaans, ancientgreek, ibycus, arabi
c, armenian, basque, bulgarian, catalan, pinyin, coptic, croatian, czech, danis
h, dutch, ukenglish, usenglishmax, esperanto, estonian, ethiopic, farsi, finnis
h, french, friulan, galician, german, ngerman, swissgerman, monogreek, greek, h
ungarian, icelandic, assamese, bengali, gujarati, hindi, kannada, malayalam, ma
rathi, oriya, panjabi, tamil, telugu, indonesian, interlingua, irish, italian, 
kurmanji, latin, latvian, lithuanian, mongolian, mongolianlmc, bokmal, nynorsk,
 polish, portuguese, romanian, romansh, russian, sanskrit, serbian, serbianc, s
lovak, slovenian, spanish, swedish, turkish, turkmen, ukrainian, uppersorbian, 
welsh, loaded.
(/usr/local/texlive/2012/texmf-dist/tex/latex/base/book.cls
Document Class: book 2007/10/19 v1.4h Standard LaTeX document class
(/usr/local/texlive/2012/texmf-dist/tex/latex/base/bk11.clo
File: bk11.clo 2007/10/19 v1.4h Standard LaTeX file (size option)
)
\c@part=\count79
\c@chapter=\count80
\c@section=\count81
\c@subsection=\count82
\c@subsubsection=\count83
\c@paragraph=\count84
\c@subparagraph=\count85
\c@figure=\count86
\c@table=\count87
\abovecaptionskip=\skip41
\belowcaptionskip=\skip42
\bibindent=\dimen102
)
(/usr/local/texlive/2012/texmf-dist/tex/latex/base/inputenc.sty
Package: inputenc 2008/03/30 v1.1d Input encoding file
\inpenc@prehook=\toks14
\inpenc@posthook=\toks15

(/usr/local/texlive/2012/texmf-dist/tex/latex/base/utf8.def
File: utf8.def 2008/04/05 v1.1m UTF-8 support for inputenc
Now handling font encoding OML ...
... no UTF-8 mapping file for font encoding OML
Now handling font encoding T1 ...
... processing UTF-8 mapping file for font encoding T1

(/usr/local/texlive/2012/texmf-dist/tex/latex/base/t1enc.dfu
File: t1enc.dfu 2008/04/05 v1.1m UTF-8 support for inputenc
   defining Unicode char U+00A1 (decimal 161)
   defining Unicode char U+00A3 (decimal 163)
   defining Unicode char U+00AB (decimal 171)
   defining Unicode char U+00BB (decimal 187)
   defining Unicode char U+00BF (decimal 191)
   defining Unicode char U+00C0 (decimal 192)
   defining Unicode char U+00C1 (decimal 193)
   defining Unicode char U+00C2 (decimal 194)
   defining Unicode char U+00C3 (decimal 195)
   defining Unicode char U+00C4 (decimal 196)
   defining Unicode char U+00C5 (decimal 197)
   defining Unicode char U+00C6 (decimal 198)
   defining Unicode char U+00C7 (decimal 199)
   defining Unicode char U+00C8 (decimal 200)
   defining Unicode char U+00C9 (decimal 201)
   defining Unicode char U+00CA (decimal 202)
   defining Unicode char U+00CB (decimal 203)
   defining Unicode char U+00CC (decimal 204)
   defining Unicode char U+00CD (decimal 205)
   defining Unicode char U+00CE (decimal 206)
   defining Unicode char U+00CF (decimal 207)
   defining Unicode char U+00D0 (decimal 208)
   defining Unicode char U+00D1 (decimal 209)
   defining Unicode char U+00D2 (decimal 210)
   defining Unicode char U+00D3 (decimal 211)
   defining Unicode char U+00D4 (decimal 212)
   defining Unicode char U+00D5 (decimal 213)
   defining Unicode char U+00D6 (decimal 214)
   defining Unicode char U+00D8 (decimal 216)
   defining Unicode char U+00D9 (decimal 217)
   defining Unicode char U+00DA (decimal 218)
   defining Unicode char U+00DB (decimal 219)
   defining Unicode char U+00DC (decimal 220)
   defining Unicode char U+00DD (decimal 221)
   defining Unicode char U+00DE (decimal 222)
   defining Unicode char U+00DF (decimal 223)
   defining Unicode char U+00E0 (decimal 224)
   defining Unicode char U+00E1 (decimal 225)
   defining Unicode char U+00E2 (decimal 226)
   defining Unicode char U+00E3 (decimal 227)
   defining Unicode char U+00E4 (decimal 228)
   defining Unicode char U+00E5 (decimal 229)
   defining Unicode char U+00E6 (decimal 230)
   defining Unicode char U+00E7 (decimal 231)
   defining Unicode char U+00E8 (decimal 232)
   defining Unicode char U+00E9 (decimal 233)
   defining Unicode char U+00EA (decimal 234)
   defining Unicode char U+00EB (decimal 235)
   defining Unicode char U+00EC (decimal 236)
   defining Unicode char U+00ED (decimal 237)
   defining Unicode char U+00EE (decimal 238)
   defining Unicode char U+00EF (decimal 239)
   defining Unicode char U+00F0 (decimal 240)
   defining Unicode char U+00F1 (decimal 241)
   defining Unicode char U+00F2 (decimal 242)
   defining Unicode char U+00F3 (decimal 243)
   defining Unicode char U+00F4 (decimal 244)
   defining Unicode char U+00F5 (decimal 245)
   defining Unicode char U+00F6 (decimal 246)
   defining Unicode char U+00F8 (decimal 248)
   defining Unicode char U+00F9 (decimal 249)
   defining Unicode char U+00FA (decimal 250)
   defining Unicode char U+00FB (decimal 251)
   defining Unicode char U+00FC (decimal 252)
   defining Unicode char U+00FD (decimal 253)
   defining Unicode char U+00FE (decimal 254)
   defining Unicode char U+00FF (decimal 255)
   defining Unicode char U+0102 (decimal 258)
   defining Unicode char U+0103 (decimal 259)
   defining Unicode char U+0104 (decimal 260)
   defining Unicode char U+0105 (decimal 261)
   defining Unicode char U+0106 (decimal 262)
   defining Unicode char U+0107 (decimal 263)
   defining Unicode char U+010C (decimal 268)
   defining Unicode char U+010D (decimal 269)
   defining Unicode char U+010E (decimal 270)
   defining Unicode char U+010F (decimal 271)
   defining Unicode char U+0110 (decimal 272)
   defining Unicode char U+0111 (decimal 273)
   defining Unicode char U+0118 (decimal 280)
   defining Unicode char U+0119 (decimal 281)
   defining Unicode char U+011A (decimal 282)
   defining Unicode char U+011B (decimal 283)
   defining Unicode char U+011E (decimal 286)
   defining Unicode char U+011F (decimal 287)
   defining Unicode char U+0130 (decimal 304)
   defining Unicode char U+0131 (decimal 305)
   defining Unicode char U+0132 (decimal 306)
   defining Unicode char U+0133 (decimal 307)
   defining Unicode char U+0139 (decimal 313)
   defining Unicode char U+013A (decimal 314)
   defining Unicode char U+013D (decimal 317)
   defining Unicode char U+013E (decimal 318)
   defining Unicode char U+0141 (decimal 321)
   defining Unicode char U+0142 (decimal 322)
   defining Unicode char U+0143 (decimal 323)
   defining Unicode char U+0144 (decimal 324)
   defining Unicode char U+0147 (decimal 327)
   defining Unicode char U+0148 (decimal 328)
   defining Unicode char U+014A (decimal 330)
   defining Unicode char U+014B (decimal 331)
   defining Unicode char U+0150 (decimal 336)
   defining Unicode char U+0151 (decimal 337)
   defining Unicode char U+0152 (decimal 338)
   defining Unicode char U+0153 (decimal 339)
   defining Unicode char U+0154 (decimal 340)
   defining Unicode char U+0155 (decimal 341)
   defining Unicode char U+0158 (decimal 344)
   defining Unicode char U+0159 (decimal 345)
   defining Unicode char U+015A (decimal 346)
   defining Unicode char U+015B (decimal 347)
   defining Unicode char U+015E (decimal 350)
   defining Unicode char U+015F (decimal 351)
   defining Unicode char U+0160 (decimal 352)
   defining Unicode char U+0161 (decimal 353)
   defining Unicode char U+0162 (decimal 354)
   defining Unicode char U+0163 (decimal 355)
   defining Unicode char U+0164 (decimal 356)
   defining Unicode char U+0165 (decimal 357)
   defining Unicode char U+016E (decimal 366)
   defining Unicode char U+016F (decimal 367)
   defining Unicode char U+0170 (decimal 368)
   defining Unicode char U+0171 (decimal 369)
   defining Unicode char U+0178 (decimal 376)
   defining Unicode char U+0179 (decimal 377)
   defining Unicode char U+017A (decimal 378)
   defining Unicode char U+017B (decimal 379)
   defining Unicode char U+017C (decimal 380)
   defining Unicode char U+017D (decimal 381)
   defining Unicode char U+017E (decimal 382)
   defining Unicode char U+200C (decimal 8204)
   defining Unicode char U+2013 (decimal 8211)
   defining Unicode char U+2014 (decimal 8212)
   defining Unicode char U+2018 (decimal 8216)
   defining Unicode char U+2019 (decimal 8217)
   defining Unicode char U+201A (decimal 8218)
   defining Unicode char U+201C (decimal 8220)
   defining Unicode char U+201D (decimal 8221)
   defining Unicode char U+201E (decimal 8222)
   defining Unicode char U+2030 (decimal 8240)
   defining Unicode char U+2031 (decimal 8241)
   defining Unicode char U+2039 (decimal 8249)
   defining Unicode char U+203A (decimal 8250)
   defining Unicode char U+2423 (decimal 9251)
)
Now handling font encoding OT1 ...
... processing UTF-8 mapping file for font encoding OT1

(/usr/local/texlive/2012/texmf-dist/tex/latex/base/ot1enc.dfu
File: ot1enc.dfu 2008/04/05 v1.1m UTF-8 support for inputenc
   defining Unicode char U+00A1 (decimal 161)
   defining Unicode char U+00A3 (decimal 163)
   defining Unicode char U+00B8 (decimal 184)
   defining Unicode char U+00BF (decimal 191)
   defining Unicode char U+00C5 (decimal 197)
   defining Unicode char U+00C6 (decimal 198)
   defining Unicode char U+00D8 (decimal 216)
   defining Unicode char U+00DF (decimal 223)
   defining Unicode char U+00E6 (decimal 230)
   defining Unicode char U+00EC (decimal 236)
   defining Unicode char U+00ED (decimal 237)
   defining Unicode char U+00EE (decimal 238)
   defining Unicode char U+00EF (decimal 239)
   defining Unicode char U+00F8 (decimal 248)
   defining Unicode char U+0131 (decimal 305)
   defining Unicode char U+0141 (decimal 321)
   defining Unicode char U+0142 (decimal 322)
   defining Unicode char U+0152 (decimal 338)
   defining Unicode char U+0153 (decimal 339)
   defining Unicode char U+2013 (decimal 8211)
   defining Unicode char U+2014 (decimal 8212)
   defining Unicode char U+2018 (decimal 8216)
   defining Unicode char U+2019 (decimal 8217)
   defining Unicode char U+201C (decimal 8220)
   defining Unicode char U+201D (decimal 8221)
)
Now handling font encoding OMS ...
... processing UTF-8 mapping file for font encoding OMS

(/usr/local/texlive/2012/texmf-dist/tex/latex/base/omsenc.dfu
File: omsenc.dfu 2008/04/05 v1.1m UTF-8 support for inputenc
   defining Unicode char U+00A7 (decimal 167)
   defining Unicode char U+00B6 (decimal 182)
   defining Unicode char U+00B7 (decimal 183)
   defining Unicode char U+2020 (decimal 8224)
   defining Unicode char U+2021 (decimal 8225)
   defining Unicode char U+2022 (decimal 8226)
)
Now handling font encoding OMX ...
... no UTF-8 mapping file for font encoding OMX
Now handling font encoding U ...
... no UTF-8 mapping file for font encoding U
   defining Unicode char U+00A9 (decimal 169)
   defining Unicode char U+00AA (decimal 170)
   defining Unicode char U+00AE (decimal 174)
   defining Unicode char U+00BA (decimal 186)
   defining Unicode char U+02C6 (decimal 710)
   defining Unicode char U+02DC (decimal 732)
   defining Unicode char U+200C (decimal 8204)
   defining Unicode char U+2026 (decimal 8230)
   defining Unicode char U+2122 (decimal 8482)
   defining Unicode char U+2423 (decimal 9251)
))
(/usr/local/texlive/2012/texmf-dist/tex/generic/babel/babel.sty
Package: babel 2008/07/08 v3.8m The Babel package

(/usr/local/texlive/2012/texmf-dist/tex/generic/babel/spanish.ldf
Language: spanish.ldf 2011/10/06 v5.0k Spanish support from the babel system

(/usr/local/texlive/2012/texmf-dist/tex/generic/babel/babel.def
File: babel.def 2008/07/08 v3.8m Babel common definitions
\babel@savecnt=\count88
\U@D=\dimen103
)
\es@datefmt=\count89
\es@quottoks=\toks16
\es@quotdepth=\count90
Package babel Info: Making " an active character on input line 496.
Package babel Info: Making . an active character on input line 599.
Package babel Info: Making < an active character on input line 644.
Package babel Info: Making > an active character on input line 644.
))
(/usr/local/texlive/2012/texmf-dist/tex/generic/bibtex/apalike.sty
\bibhang=\skip43
)
(/usr/local/texlive/2012/texmf-dist/tex/latex/hyperref/hyperref.sty
Package: hyperref 2012/05/13 v6.82q Hypertext links for LaTeX

(/usr/local/texlive/2012/texmf-dist/tex/generic/oberdiek/hobsub-hyperref.sty
Package: hobsub-hyperref 2012/05/28 v1.13 Bundle oberdiek, subset hyperref (HO)


(/usr/local/texlive/2012/texmf-dist/tex/generic/oberdiek/hobsub-generic.sty
Package: hobsub-generic 2012/05/28 v1.13 Bundle oberdiek, subset generic (HO)
Package: hobsub 2012/05/28 v1.13 Construct package bundles (HO)
Package: infwarerr 2010/04/08 v1.3 Providing info/warning/error messages (HO)
Package: ltxcmds 2011/11/09 v1.22 LaTeX kernel commands for general use (HO)
Package: ifluatex 2010/03/01 v1.3 Provides the ifluatex switch (HO)
Package ifluatex Info: LuaTeX not detected.
Package: ifvtex 2010/03/01 v1.5 Detect VTeX and its facilities (HO)
Package ifvtex Info: VTeX not detected.
Package: intcalc 2007/09/27 v1.1 Expandable calculations with integers (HO)
Package: ifpdf 2011/01/30 v2.3 Provides the ifpdf switch (HO)
Package ifpdf Info: pdfTeX in PDF mode is detected.
Package: etexcmds 2011/02/16 v1.5 Avoid name clashes with e-TeX commands (HO)
Package etexcmds Info: Could not find \expanded.
(etexcmds)             That can mean that you are not using pdfTeX 1.50 or
(etexcmds)             that some package has redefined \expanded.
(etexcmds)             In the latter case, load this package earlier.
Package: kvsetkeys 2012/04/25 v1.16 Key value parser (HO)
Package: kvdefinekeys 2011/04/07 v1.3 Define keys (HO)
Package: pdftexcmds 2011/11/29 v0.20 Utility functions of pdfTeX for LuaTeX (HO
)
Package pdftexcmds Info: LuaTeX not detected.
Package pdftexcmds Info: \pdf@primitive is available.
Package pdftexcmds Info: \pdf@ifprimitive is available.
Package pdftexcmds Info: \pdfdraftmode found.
Package: pdfescape 2011/11/25 v1.13 Implements pdfTeX's escape features (HO)
Package: bigintcalc 2012/04/08 v1.3 Expandable calculations on big integers (HO
)
Package: bitset 2011/01/30 v1.1 Handle bit-vector datatype (HO)
Package: uniquecounter 2011/01/30 v1.2 Provide unlimited unique counter (HO)
)
Package hobsub Info: Skipping package `hobsub' (already loaded).
Package: letltxmacro 2010/09/02 v1.4 Let assignment for LaTeX macros (HO)
Package: hopatch 2012/05/28 v1.2 Wrapper for package hooks (HO)
Package: xcolor-patch 2011/01/30 xcolor patch
Package: atveryend 2011/06/30 v1.8 Hooks at the very end of document (HO)
Package atveryend Info: \enddocument detected (standard20110627).
Package: atbegshi 2011/10/05 v1.16 At begin shipout hook (HO)
Package: refcount 2011/10/16 v3.4 Data extraction from label references (HO)
Package: hycolor 2011/01/30 v1.7 Color options for hyperref/bookmark (HO)
)
(/usr/local/texlive/2012/texmf-dist/tex/latex/graphics/keyval.sty
Package: keyval 1999/03/16 v1.13 key=value parser (DPC)
\KV@toks@=\toks17
)
(/usr/local/texlive/2012/texmf-dist/tex/generic/ifxetex/ifxetex.sty
Package: ifxetex 2010/09/12 v0.6 Provides ifxetex conditional
)
(/usr/local/texlive/2012/texmf-dist/tex/latex/oberdiek/kvoptions.sty
Package: kvoptions 2011/06/30 v3.11 Key value format for package options (HO)
)
\@linkdim=\dimen104
\Hy@linkcounter=\count91
\Hy@pagecounter=\count92

(/usr/local/texlive/2012/texmf-dist/tex/latex/hyperref/pd1enc.def
File: pd1enc.def 2012/05/13 v6.82q Hyperref: PDFDocEncoding definition (HO)
Now handling font encoding PD1 ...
... no UTF-8 mapping file for font encoding PD1
)
\Hy@SavedSpaceFactor=\count93

(/usr/local/texlive/2012/texmf-dist/tex/latex/latexconfig/hyperref.cfg
File: hyperref.cfg 2002/06/06 v1.2 hyperref configuration of TeXLive
)
Package hyperref Info: Hyper figures OFF on input line 4062.
Package hyperref Info: Link nesting OFF on input line 4067.
Package hyperref Info: Hyper index ON on input line 4070.
Package hyperref Info: Plain pages OFF on input line 4077.
Package hyperref Info: Backreferencing OFF on input line 4082.
Package hyperref Info: Implicit mode ON; LaTeX internals redefined.
Package hyperref Info: Bookmarks ON on input line 4300.
\c@Hy@tempcnt=\count94

(/usr/local/texlive/2012/texmf-dist/tex/latex/url/url.sty
\Urlmuskip=\muskip10
Package: url 2006/04/12  ver 3.3  Verb mode for urls, etc.
)
LaTeX Info: Redefining \url on input line 4653.
\Fld@menulength=\count95
\Field@Width=\dimen105
\Fld@charsize=\dimen106
Package hyperref Info: Hyper figures OFF on input line 5773.
Package hyperref Info: Link nesting OFF on input line 5778.
Package hyperref Info: Hyper index ON on input line 5781.
Package hyperref Info: backreferencing OFF on input line 5788.
Package hyperref Info: Link coloring OFF on input line 5793.
Package hyperref Info: Link coloring with OCG OFF on input line 5798.
Package hyperref Info: PDF/A mode OFF on input line 5803.
LaTeX Info: Redefining \ref on input line 5843.
LaTeX Info: Redefining \pageref on input line 5847.
\Hy@abspage=\count96
\c@Item=\count97
\c@Hfootnote=\count98
)

Package hyperref Message: Driver (autodetected): hpdftex.

(/usr/local/texlive/2012/texmf-dist/tex/latex/hyperref/hpdftex.def
File: hpdftex.def 2012/05/13 v6.82q Hyperref driver for pdfTeX
\Fld@listcount=\count99
\c@bookmark@seq@number=\count100

(/usr/local/texlive/2012/texmf-dist/tex/latex/oberdiek/rerunfilecheck.sty
Package: rerunfilecheck 2011/04/15 v1.7 Rerun checks for auxiliary files (HO)
Package uniquecounter Info: New unique counter `rerunfilecheck' on input line 2
82.
)
\Hy@SectionHShift=\skip44
)
(/usr/local/texlive/2012/texmf-dist/tex/latex/cite/cite.sty
LaTeX Info: Redefining \cite on input line 302.
LaTeX Info: Redefining \nocite on input line 373.
Package: cite 2010/09/10  v 5.3
)
(/usr/local/texlive/2012/texmf-dist/tex/latex/appendix/appendix.sty
Package: appendix 2009/09/02 v1.2b extra appendix facilities
\c@@pps=\count101
\c@@ppsavesec=\count102
\c@@ppsaveapp=\count103
)
(/usr/local/texlive/2012/texmf-dist/tex/latex/base/makeidx.sty
Package: makeidx 2000/03/29 v1.0m Standard LaTeX package
)
(/usr/local/texlive/2012/texmf-dist/tex/latex/glossaries/base/glossaries.sty
Package: glossaries 2012/05/21 v3.02 (NLCT)

(/usr/local/texlive/2012/texmf-dist/tex/latex/base/ifthen.sty
Package: ifthen 2001/05/26 v1.1c Standard LaTeX ifthen package (DPC)
)
(/usr/local/texlive/2012/texmf-dist/tex/latex/xkeyval/xkeyval.sty
Package: xkeyval 2008/08/13 v2.6a package option processing (HA)

(/usr/local/texlive/2012/texmf-dist/tex/generic/xkeyval/xkeyval.tex
\XKV@toks=\toks18
\XKV@tempa@toks=\toks19
\XKV@depth=\count104
File: xkeyval.tex 2008/08/13 v2.6a key=value parser (HA)
))
(/usr/local/texlive/2012/texmf-dist/tex/latex/glossaries/base/mfirstuc.sty
Package: mfirstuc 2012/05/21 v1.06 (NLCT)

(/usr/local/texlive/2012/texmf-dist/tex/latex/etoolbox/etoolbox.sty
Package: etoolbox 2011/01/03 v2.1 e-TeX tools for LaTeX

(/usr/local/texlive/2012/texmf-dist/tex/latex/etex-pkg/etex.sty
Package: etex 1998/03/26 v2.0 eTeX basic definition package (PEB)
\et@xins=\count105
)
\etb@tempcnta=\count106
)
\@glsmfirst=\toks20
\@glsmrest=\toks21
)
(/usr/local/texlive/2012/texmf-dist/tex/latex/xfor/xfor.sty
Package: xfor 2009/02/05 v1.05 (NLCT)
)
(/usr/local/texlive/2012/texmf-dist/tex/latex/amsmath/amsgen.sty
File: amsgen.sty 1999/11/30 v2.0
\@emptytoks=\toks22
\ex@=\dimen107
)
(/usr/local/texlive/2012/texmf-dist/tex/latex/beamer/translator/translator.sty
Package: translator 2010/06/12 ver 1.10

(/usr/local/texlive/2012/texmf-dist/tex/latex/beamer/translator/translator-lang
uage-mappings.tex))
\gls@level=\count107
\@gls@tmpb=\toks23
\gls@tmplen=\skip45
\glswrite=\write3
\glskeylisttok=\toks24
\glslabeltok=\toks25
\glsshorttok=\toks26
\glslongtok=\toks27

(/usr/local/texlive/2012/texmf-dist/tex/latex/glossaries/styles/glossary-hypern
av.sty
Package: glossary-hypernav 2007/07/04 v1.01 (NLCT)
)
(/usr/local/texlive/2012/texmf-dist/tex/latex/glossaries/styles/glossary-list.s
ty
Package: glossary-list 2011/03/28 v3.0 (NLCT)
\glslistdottedwidth=\skip46
)
(/usr/local/texlive/2012/texmf-dist/tex/latex/glossaries/styles/glossary-long.s
ty
Package: glossary-long 2011/03/28 v3.0 (NLCT)
 (/usr/local/texlive/2012/texmf-dist/tex/latex/tools/longtable.sty
Package: longtable 2004/02/01 v4.11 Multi-page Table package (DPC)
\LTleft=\skip47
\LTright=\skip48
\LTpre=\skip49
\LTpost=\skip50
\LTchunksize=\count108
\LTcapwidth=\dimen108
\LT@head=\box26
\LT@firsthead=\box27
\LT@foot=\box28
\LT@lastfoot=\box29
\LT@cols=\count109
\LT@rows=\count110
\c@LT@tables=\count111
\c@LT@chunks=\count112
\LT@p@ftn=\toks28
)
\glsdescwidth=\skip51
\glspagelistwidth=\skip52
)
(/usr/local/texlive/2012/texmf-dist/tex/latex/glossaries/styles/glossary-super.
sty
Package: glossary-super 2011/03/28 v3.0 (NLCT)
 (/usr/local/texlive/2012/texmf-dist/tex/latex/supertabular/supertabular.sty
Package: supertabular 2004/02/20 v4.1e the supertabular environment
\c@tracingst=\count113
\ST@wd=\dimen109
\ST@rightskip=\skip53
\ST@leftskip=\skip54
\ST@parfillskip=\skip55
\ST@pageleft=\dimen110
\ST@headht=\dimen111
\ST@tailht=\dimen112
\ST@pagesofar=\dimen113
\ST@pboxht=\dimen114
\ST@lineht=\dimen115
\ST@stretchht=\dimen116
\ST@prevht=\dimen117
\ST@toadd=\dimen118
\ST@dimen=\dimen119
\ST@pbox=\box30
))
(/usr/local/texlive/2012/texmf-dist/tex/latex/glossaries/styles/glossary-tree.s
ty
Package: glossary-tree 2011/03/28 v3.0 (NLCT)
\glstreeindent=\skip56
)) (/usr/local/texlive/2012/texmf-dist/tex/latex/fancyhdr/fancyhdr.sty
\fancy@headwidth=\skip57
\f@ncyO@elh=\skip58
\f@ncyO@erh=\skip59
\f@ncyO@olh=\skip60
\f@ncyO@orh=\skip61
\f@ncyO@elf=\skip62
\f@ncyO@erf=\skip63
\f@ncyO@olf=\skip64
\f@ncyO@orf=\skip65
)
(/usr/local/texlive/2012/texmf-dist/tex/latex/base/showidx.sty
Package: showidx 2000/03/29 v1.0m Standard LaTeX package
\indexbox=\insert233
)
(/usr/local/texlive/2012/texmf-dist/tex/latex/listings/listings.sty
\lst@mode=\count114
\lst@gtempboxa=\box31
\lst@token=\toks29
\lst@length=\count115
\lst@currlwidth=\dimen120
\lst@column=\count116
\lst@pos=\count117
\lst@lostspace=\dimen121
\lst@width=\dimen122
\lst@newlines=\count118
\lst@lineno=\count119
\lst@maxwidth=\dimen123

(/usr/local/texlive/2012/texmf-dist/tex/latex/listings/lstmisc.sty
File: lstmisc.sty 2007/02/22 1.4 (Carsten Heinz)
\c@lstnumber=\count120
\lst@skipnumbers=\count121
\lst@framebox=\box32
)
(/usr/local/texlive/2012/texmf-dist/tex/latex/listings/listings.cfg
File: listings.cfg 2007/02/22 1.4 listings configuration
))
Package: listings 2007/02/22 1.4 (Carsten Heinz)

(/usr/local/texlive/2012/texmf-dist/tex/latex/graphics/color.sty
Package: color 2005/11/14 v1.0j Standard LaTeX Color (DPC)

(/usr/local/texlive/2012/texmf-dist/tex/latex/latexconfig/color.cfg
File: color.cfg 2007/01/18 v1.5 color configuration of teTeX/TeXLive
)
Package color Info: Driver file: pdftex.def on input line 130.

(/usr/local/texlive/2012/texmf-dist/tex/latex/pdftex-def/pdftex.def
File: pdftex.def 2011/05/27 v0.06d Graphics/color for pdfTeX
\Gread@gobject=\count122
))
(/usr/local/texlive/2012/texmf-dist/tex/latex/graphics/graphicx.sty
Package: graphicx 1999/02/16 v1.0f Enhanced LaTeX Graphics (DPC,SPQR)

(/usr/local/texlive/2012/texmf-dist/tex/latex/graphics/graphics.sty
Package: graphics 2009/02/05 v1.0o Standard LaTeX Graphics (DPC,SPQR)

(/usr/local/texlive/2012/texmf-dist/tex/latex/graphics/trig.sty
Package: trig 1999/03/16 v1.09 sin cos tan (DPC)
)
(/usr/local/texlive/2012/texmf-dist/tex/latex/latexconfig/graphics.cfg
File: graphics.cfg 2010/04/23 v1.9 graphics configuration of TeX Live
)
Package graphics Info: Driver file: pdftex.def on input line 91.
)
\Gin@req@height=\dimen124
\Gin@req@width=\dimen125
)
(/usr/local/texlive/2012/texmf-dist/tex/latex/float/float.sty
Package: float 2001/11/08 v1.3d Float enhancements (AL)
\c@float@type=\count123
\float@exts=\toks30
\float@box=\box33
\@float@everytoks=\toks31
\@floatcapt=\box34
)
(/usr/local/texlive/2012/texmf-dist/tex/latex/wrapfig/wrapfig.sty
\wrapoverhang=\dimen126
\WF@size=\dimen127
\c@WF@wrappedlines=\count124
\WF@box=\box35
\WF@everypar=\toks32
Package: wrapfig 2003/01/31  v 3.6
)
(/usr/local/texlive/2012/texmf-dist/tex/latex/tools/enumerate.sty
Package: enumerate 1999/03/05 v3.00 enumerate extensions (DPC)
\@enLab=\toks33
)
(/usr/local/texlive/2012/texmf-dist/tex/latex/colortbl/colortbl.sty
Package: colortbl 2012/02/13 v1.0a Color table columns (DPC)

(/usr/local/texlive/2012/texmf-dist/tex/latex/tools/array.sty
Package: array 2008/09/09 v2.4c Tabular extension package (FMi)
\col@sep=\dimen128
\extrarowheight=\dimen129
\NC@list=\toks34
\extratabsurround=\skip66
\backup@length=\skip67
)
\everycr=\toks35
\minrowclearance=\skip68
)
(/usr/local/texlive/2012/texmf-dist/tex/latex/booktabs/booktabs.sty
Package: booktabs 2005/04/14 v1.61803 publication quality tables
\heavyrulewidth=\dimen130
\lightrulewidth=\dimen131
\cmidrulewidth=\dimen132
\belowrulesep=\dimen133
\belowbottomsep=\dimen134
\aboverulesep=\dimen135
\abovetopsep=\dimen136
\cmidrulesep=\dimen137
\cmidrulekern=\dimen138
\defaultaddspace=\dimen139
\@cmidla=\count125
\@cmidlb=\count126
\@aboverulesep=\dimen140
\@belowrulesep=\dimen141
\@thisruleclass=\count127
\@lastruleclass=\count128
\@thisrulewidth=\dimen142
)
(/usr/local/texlive/2012/texmf-dist/tex/latex/tools/tabularx.sty
Package: tabularx 1999/01/07 v2.07 `tabularx' package (DPC)
\TX@col@width=\dimen143
\TX@old@table=\dimen144
\TX@old@col=\dimen145
\TX@target=\dimen146
\TX@delta=\dimen147
\TX@cols=\count129
\TX@ftn=\toks36
)

LaTeX Warning: File `references.bib' already exists on the system.
               Not generating it from this source.

(/usr/local/texlive/2012/texmf-dist/tex/latex/listings/lstlang1.sty
File: lstlang1.sty 2004/09/05 1.3 listings language file
)
\@indexfile=\write4
\openout4 = `exbook2013.idx'.


Writing index file exbook2013.idx 
\glo@main@file=\write5
\openout5 = `exbook2013.glo'.

Package glossaries Info: Writing glossary file exbook2013.glo on input line 111
.
\glo@acronym@file=\write6
\openout6 = `exbook2013.acn'.

Package glossaries Info: Writing glossary file exbook2013.acn on input line 111
.
(./exbook2013.aux
LaTeX Info: Redefining \. on input line 25.
LaTeX Info: Redefining \% on input line 25.


LaTeX Warning: Label `fig:tutorial_9' multiply defined.

)
\openout1 = `exbook2013.aux'.

LaTeX Font Info:    Checking defaults for OML/cmm/m/it on input line 123.
LaTeX Font Info:    ... okay on input line 123.
LaTeX Font Info:    Checking defaults for T1/cmr/m/n on input line 123.
LaTeX Font Info:    ... okay on input line 123.
LaTeX Font Info:    Checking defaults for OT1/cmr/m/n on input line 123.
LaTeX Font Info:    ... okay on input line 123.
LaTeX Font Info:    Checking defaults for OMS/cmsy/m/n on input line 123.
LaTeX Font Info:    ... okay on input line 123.
LaTeX Font Info:    Checking defaults for OMX/cmex/m/n on input line 123.
LaTeX Font Info:    ... okay on input line 123.
LaTeX Font Info:    Checking defaults for U/cmr/m/n on input line 123.
LaTeX Font Info:    ... okay on input line 123.
LaTeX Font Info:    Checking defaults for PD1/pdf/m/n on input line 123.
LaTeX Font Info:    ... okay on input line 123.
LaTeX Info: Redefining \. on input line 123.
LaTeX Info: Redefining \% on input line 123.
\AtBeginShipoutBox=\box36
Package hyperref Info: Link coloring OFF on input line 123.
 (/usr/local/texlive/2012/texmf-dist/tex/latex/hyperref/nameref.sty
Package: nameref 2010/04/30 v2.40 Cross-referencing by name of section

(/usr/local/texlive/2012/texmf-dist/tex/generic/oberdiek/gettitlestring.sty
Package: gettitlestring 2010/12/03 v1.4 Cleanup title references (HO)
)
\c@section@level=\count130
)
LaTeX Info: Redefining \ref on input line 123.
LaTeX Info: Redefining \pageref on input line 123.
LaTeX Info: Redefining \nameref on input line 123.

(./exbook2013.out) (./exbook2013.out)
\@outlinefile=\write7
\openout7 = `exbook2013.out'.


(/usr/local/texlive/2012/texmf-dist/tex/latex/glossaries/dict/glossaries-dictio
nary-English.dict
Dictionary: glossaries-dictionary, Language: English 
)
\c@lstlisting=\count131

(/usr/local/texlive/2012/texmf-dist/tex/context/base/supp-pdf.mkii
[Loading MPS to PDF converter (version 2006.09.02).]
\scratchcounter=\count132
\scratchdimen=\dimen148
\scratchbox=\box37
\nofMPsegments=\count133
\nofMParguments=\count134
\everyMPshowfont=\toks37
\MPscratchCnt=\count135
\MPscratchDim=\dimen149
\MPnumerator=\count136
\makeMPintoPDFobject=\count137
\everyMPtoPDFconversion=\toks38
) (/usr/local/texlive/2012/texmf-dist/tex/latex/oberdiek/epstopdf-base.sty
Package: epstopdf-base 2010/02/09 v2.5 Base part for package epstopdf

(/usr/local/texlive/2012/texmf-dist/tex/latex/oberdiek/grfext.sty
Package: grfext 2010/08/19 v1.1 Manage graphics extensions (HO)
)
Package grfext Info: Graphics extension search list:
(grfext)             [.png,.pdf,.jpg,.mps,.jpeg,.jbig2,.jb2,.PNG,.PDF,.JPG,.JPE
G,.JBIG2,.JB2,.eps]
(grfext)             \AppendGraphicsExtensions on input line 452.

(/usr/local/texlive/2012/texmf-dist/tex/latex/latexconfig/epstopdf-sys.cfg
File: epstopdf-sys.cfg 2010/07/13 v1.3 Configuration of (r)epstopdf for TeX Liv
e
))
LaTeX Font Info:    External font `cmex10' loaded for size
(Font)              <12> on input line 126.
LaTeX Font Info:    External font `cmex10' loaded for size
(Font)              <8> on input line 126.
LaTeX Font Info:    External font `cmex10' loaded for size
(Font)              <6> on input line 126.

[1

\openout3 = `exbook2013.ist'.



{/usr/local/texlive/2012/texmf-var/fonts/map/pdftex/updmap/pdftex.map}]
[2

] (./exbook2013.toc
LaTeX Info: Redefining \. on input line 1.
LaTeX Info: Redefining \% on input line 1.
LaTeX Font Info:    External font `cmex10' loaded for size
(Font)              <10.95> on input line 4.

Underfull \vbox (badness 10000) has occurred while \output is active []

 [3]
LaTeX Info: Redefining \. on input line 38.
LaTeX Info: Redefining \% on input line 38.

[4]
Underfull \vbox (badness 4328) has occurred while \output is active []

LaTeX Info: Redefining \. on input line 58.
LaTeX Info: Redefining \% on input line 58.
 [5])
\tf@toc=\write8
\openout8 = `exbook2013.toc'.

LaTeX Info: Redefining \. on input line 127.
LaTeX Info: Redefining \% on input line 127.

[6]
No file exbook2013.bbl.
[1


] [2]
Cap\'{\i }tulo 1.
[3

]
LaTeX Info: Redefining \. on input line 158.
LaTeX Info: Redefining \% on input line 158.
 [4] <estadisticas_1.png, id=370, 656.15436pt x 398.55832pt>
File: estadisticas_1.png Graphic file (type png)

<use estadisticas_1.png>
Package pdftex.def Info: estadisticas_1.png used on input line 161.
(pdftex.def)             Requested size: 360.0pt x 218.67865pt.

<estadisticas_2.png, id=372, 656.15436pt x 399.27386pt>
File: estadisticas_2.png Graphic file (type png)

<use estadisticas_2.png>
Package pdftex.def Info: estadisticas_2.png used on input line 168.
(pdftex.def)             Requested size: 360.0pt x 219.07124pt.
LaTeX Info: Redefining \. on input line 175.
LaTeX Info: Redefining \% on input line 175.
 [5pdfTeX warning (ext4): destination with the same identifier (name{figure.1.1
}) has been already used, duplicate ignored

\AtBegShi@Output ...ipout \box \AtBeginShipoutBox 
                                                  \fi \fi 
l.175 
      pdfTeX warning (ext4): destination with the same identifier (name{figure.
1.2}) has been already used, duplicate ignored

\AtBegShi@Output ...ipout \box \AtBeginShipoutBox 
                                                  \fi \fi 
l.175 
       <./estadisticas_1.png> <./estadisticas_2.png>]
<historia_1.png, id=379, 273.312pt x 173.448pt>
File: historia_1.png Graphic file (type png)
 <use historia_1.png>
Package pdftex.def Info: historia_1.png used on input line 183.
(pdftex.def)             Requested size: 172.79846pt x 109.6645pt.

Overfull \hbox (4.53102pt too wide) in paragraph at lines 193--194
[]\OT1/cmr/m/n/10.95 Hagamos una pe-que~na re-se~na hist^^Sori-
 []


Underfull \vbox (badness 5359) has occurred while \output is active []

LaTeX Info: Redefining \. on input line 196.
LaTeX Info: Redefining \% on input line 196.
 [6pdfTeX warning (ext4): destination with the same identifier (name{figure.1.3
}) has been already used, duplicate ignored

\AtBegShi@Output ...ipout \box \AtBeginShipoutBox 
                                                  \fi \fi 
l.196 
       <./historia_1.png>]
<estadisticas_3.png, id=398, 630.6762pt x 364.2408pt>
File: estadisticas_3.png Graphic file (type png)
 <use estadisticas_3.png>
Package pdftex.def Info: estadisticas_3.png used on input line 206.
(pdftex.def)             Requested size: 360.0pt x 207.91954pt.

<estadisticas_4.png, id=399, 630.6762pt x 360.3864pt>
File: estadisticas_4.png Graphic file (type png)
 <use estadisticas_4.png>
Package pdftex.def Info: estadisticas_4.png used on input line 213.
(pdftex.def)             Requested size: 360.0pt x 205.71933pt.

Underfull \vbox (badness 10000) has occurred while \output is active []

LaTeX Info: Redefining \. on input line 217.
LaTeX Info: Redefining \% on input line 217.
 [7pdfTeX warning (ext4): destination with the same identifier (name{figure.1.4
}) has been already used, duplicate ignored

\AtBegShi@Output ...ipout \box \AtBeginShipoutBox 
                                                  \fi \fi 
l.217 
       <./estadisticas_3.png>]
LaTeX Info: Redefining \. on input line 224.
LaTeX Info: Redefining \% on input line 224.
 [8pdfTeX warning (ext4): destination with the same identifier (name{figure.1.5
}) has been already used, duplicate ignored

\AtBegShi@Output ...ipout \box \AtBeginShipoutBox 
                                                  \fi \fi 
l.224 
       <./estadisticas_4.png>]
LaTeX Info: Redefining \. on input line 231.
LaTeX Info: Redefining \% on input line 231.
 [9]
LaTeX Font Info:    Try loading font information for OMS+cmr on input line 239.


(/usr/local/texlive/2012/texmf-dist/tex/latex/base/omscmr.fd
File: omscmr.fd 1999/05/25 v2.5h Standard LaTeX font definitions
)
LaTeX Font Info:    Font shape `OMS/cmr/m/n' in size <10.95> not available
(Font)              Font shape `OMS/cmsy/m/n' tried instead on input line 239.
LaTeX Info: Redefining \. on input line 251.
LaTeX Info: Redefining \% on input line 251.
 [10]
Cap\'{\i }tulo 2.
[11

]
LaTeX Info: Redefining \. on input line 268.
LaTeX Info: Redefining \% on input line 268.
 [12

] [13] [14]
Cap\'{\i }tulo 3.
[15

] <tutorial_3.png, id=451, 1422.31375pt x 751.80875pt>
File: tutorial_3.png Graphic file (type png)
 <use tutorial_3.png>
Package pdftex.def Info: tutorial_3.png used on input line 283.
(pdftex.def)             Requested size: 360.0pt x 190.29193pt.
LaTeX Info: Redefining \. on input line 287.
LaTeX Info: Redefining \% on input line 287.

[16pdfTeX warning (ext4): destination with the same identifier (name{figure.3.1
}) has been already used, duplicate ignored

\AtBegShi@Output ...ipout \box \AtBeginShipoutBox 
                                                  \fi \fi 
l.287 \newpage
               <./tutorial_3.png>]
<tutorial_4.png, id=458, 1422.31375pt x 766.865pt>
File: tutorial_4.png Graphic file (type png)
 <use tutorial_4.png>
Package pdftex.def Info: tutorial_4.png used on input line 292.
(pdftex.def)             Requested size: 360.0pt x 194.10286pt.
LaTeX Info: Redefining \. on input line 296.
LaTeX Info: Redefining \% on input line 296.

[17pdfTeX warning (ext4): destination with the same identifier (name{figure.3.2
}) has been already used, duplicate ignored

\AtBegShi@Output ...ipout \box \AtBeginShipoutBox 
                                                  \fi \fi 
l.296 \newpage
               <./tutorial_4.png>]
<tutorial_7.png, id=465, 1231.60126pt x 751.80875pt>
File: tutorial_7.png Graphic file (type png)
 <use tutorial_7.png>
Package pdftex.def Info: tutorial_7.png used on input line 301.
(pdftex.def)             Requested size: 360.0pt x 219.75116pt.
LaTeX Info: Redefining \. on input line 305.
LaTeX Info: Redefining \% on input line 305.

[18pdfTeX warning (ext4): destination with the same identifier (name{figure.3.3
}) has been already used, duplicate ignored

\AtBegShi@Output ...ipout \box \AtBeginShipoutBox 
                                                  \fi \fi 
l.305 \newpage
               <./tutorial_7.png>]
<tutorial_8.png, id=473, 1445.4pt x 870.25125pt>
File: tutorial_8.png Graphic file (type png)
 <use tutorial_8.png>
Package pdftex.def Info: tutorial_8.png used on input line 310.
(pdftex.def)             Requested size: 360.0pt x 216.75226pt.
LaTeX Info: Redefining \. on input line 314.
LaTeX Info: Redefining \% on input line 314.
 [19pdfTeX warning (ext4): destination with the same identifier (name{figure.3.
4}) has been already used, duplicate ignored

\AtBegShi@Output ...ipout \box \AtBeginShipoutBox 
                                                  \fi \fi 
l.314 \newpage
               <./tutorial_8.png>]
<tutorial_9.png, id=481, 1445.4pt x 870.25125pt>
File: tutorial_9.png Graphic file (type png)
 <use tutorial_9.png>
Package pdftex.def Info: tutorial_9.png used on input line 319.
(pdftex.def)             Requested size: 360.0pt x 216.75226pt.
LaTeX Info: Redefining \. on input line 325.
LaTeX Info: Redefining \% on input line 325.
 [20pdfTeX warning (ext4): destination with the same identifier (name{figure.3.
5}) has been already used, duplicate ignored

\AtBegShi@Output ...ipout \box \AtBeginShipoutBox 
                                                  \fi \fi 
l.325 \newpage
               <./tutorial_9.png>]
Cap\'{\i }tulo 4.
[21

] <tutorial_19.png, id=492, 1445.4pt x 870.25125pt>
File: tutorial_19.png Graphic file (type png)
 <use tutorial_19.png>
Package pdftex.def Info: tutorial_19.png used on input line 337.
(pdftex.def)             Requested size: 360.0pt x 216.75226pt.
LaTeX Info: Redefining \. on input line 342.
LaTeX Info: Redefining \% on input line 342.

[22pdfTeX warning (ext4): destination with the same identifier (name{figure.4.1
}) has been already used, duplicate ignored

\AtBegShi@Output ...ipout \box \AtBeginShipoutBox 
                                                  \fi \fi 
l.342 \newpage
               <./tutorial_19.png>]
<tutorial_20.png, id=499, 1445.4pt x 870.25125pt>
File: tutorial_20.png Graphic file (type png)
 <use tutorial_20.png>
Package pdftex.def Info: tutorial_20.png used on input line 347.
(pdftex.def)             Requested size: 360.0pt x 216.75226pt.
LaTeX Info: Redefining \. on input line 352.
LaTeX Info: Redefining \% on input line 352.

[23pdfTeX warning (ext4): destination with the same identifier (name{figure.4.2
}) has been already used, duplicate ignored

\AtBegShi@Output ...ipout \box \AtBeginShipoutBox 
                                                  \fi \fi 
l.352 \newpage
               <./tutorial_20.png>]
<tutorial_21.png, id=506, 1445.4pt x 870.25125pt>
File: tutorial_21.png Graphic file (type png)
 <use tutorial_21.png>
Package pdftex.def Info: tutorial_21.png used on input line 357.
(pdftex.def)             Requested size: 360.0pt x 216.75226pt.
LaTeX Info: Redefining \. on input line 361.
LaTeX Info: Redefining \% on input line 361.

[24pdfTeX warning (ext4): destination with the same identifier (name{figure.4.3
}) has been already used, duplicate ignored

\AtBegShi@Output ...ipout \box \AtBeginShipoutBox 
                                                  \fi \fi 
l.361 \newpage
               <./tutorial_21.png>]
<tutorial_22.png, id=513, 1445.4pt x 870.25125pt>
File: tutorial_22.png Graphic file (type png)
 <use tutorial_22.png>
Package pdftex.def Info: tutorial_22.png used on input line 366.
(pdftex.def)             Requested size: 360.0pt x 216.75226pt.
LaTeX Info: Redefining \. on input line 370.
LaTeX Info: Redefining \% on input line 370.

[25pdfTeX warning (ext4): destination with the same identifier (name{figure.4.4
}) has been already used, duplicate ignored

\AtBegShi@Output ...ipout \box \AtBeginShipoutBox 
                                                  \fi \fi 
l.370 \newpage
               <./tutorial_22.png>]
File: tutorial_9.png Graphic file (type png)
 <use tutorial_9.png>
Package pdftex.def Info: tutorial_9.png used on input line 375.
(pdftex.def)             Requested size: 360.0pt x 216.75226pt.
LaTeX Info: Redefining \. on input line 381.
LaTeX Info: Redefining \% on input line 381.
 [26pdfTeX warning (ext4): destination with the same identifier (name{figure.4.
5}) has been already used, duplicate ignored

\AtBegShi@Output ...ipout \box \AtBeginShipoutBox 
                                                  \fi \fi 
l.381 \newpage
              ]
LaTeX Info: Redefining \. on input line 409.
LaTeX Info: Redefining \% on input line 409.
 [27]
LaTeX Info: Redefining \. on input line 434.
LaTeX Info: Redefining \% on input line 434.
 [28]
LaTeX Info: Redefining \. on input line 502.
LaTeX Info: Redefining \% on input line 502.
 [29]
LaTeX Info: Redefining \. on input line 502.
LaTeX Info: Redefining \% on input line 502.
 [30

] [31] [32]
Cap\'{\i }tulo 5.

Underfull \vbox (badness 5652) has occurred while \output is active []

 [33

]
LaTeX Info: Redefining \. on input line 562.
LaTeX Info: Redefining \% on input line 562.

[34]
LaTeX Info: Redefining \. on input line 562.
LaTeX Info: Redefining \% on input line 562.
 [35]
LaTeX Info: Redefining \. on input line 562.
LaTeX Info: Redefining \% on input line 562.
 [36

] [37] [38]

Package hyperref Warning: Difference (2) between bookmark levels is greater 
(hyperref)                than one, level fixed on input line 563.

LaTeX Font Info:    External font `cmex10' loaded for size
(Font)              <9> on input line 570.
LaTeX Font Info:    External font `cmex10' loaded for size
(Font)              <5> on input line 570.

LaTeX Warning: Citation `gearth' on page 39 undefined on input line 570.


Underfull \hbox (badness 10000) in paragraph at lines 570--577

 []


Underfull \hbox (badness 10000) in paragraph at lines 570--577

 []

LaTeX Info: Redefining \. on input line 577.
LaTeX Info: Redefining \% on input line 577.
[39] [40]
Underfull \hbox (badness 10000) in paragraph at lines 584--588

 []


Underfull \hbox (badness 10000) in paragraph at lines 584--588

 []


Underfull \hbox (badness 10000) in paragraph at lines 584--588

 []


Package tabularx Warning: X Columns too narrow (table too wide)
(tabularx)                 on input line 647.


Overfull \hbox (1.18617pt too wide) in paragraph at lines 647--647
 []|\OT1/cmr/m/n/10.95 Estudiantes 
 []


Overfull \hbox (1.18617pt too wide) in paragraph at lines 647--647
 []|\OT1/cmr/m/n/10.95 Estudiantes| 
 []


Overfull \hbox (1.18617pt too wide) in paragraph at lines 647--647
 []|\OT1/cmr/m/n/10.95 Estudiantes| 
 []


Overfull \hbox (1.18617pt too wide) in paragraph at lines 647--647
 []|\OT1/cmr/m/n/10.95 Estudiantes| 
 []


Overfull \hbox (1.18617pt too wide) in paragraph at lines 647--647
 []|\OT1/cmr/m/n/10.95 Estudiantes| 
 []


Overfull \hbox (1.18617pt too wide) in paragraph at lines 647--647
 []|\OT1/cmr/m/n/10.95 Estudiantes 
 []


Overfull \hbox (1.18617pt too wide) in paragraph at lines 647--647
 []|\OT1/cmr/m/n/10.95 Estudiantes| 
 []


Overfull \hbox (1.18617pt too wide) in paragraph at lines 647--647
 []|\OT1/cmr/m/n/10.95 Estudiantes 
 []


Overfull \hbox (1.18617pt too wide) in paragraph at lines 647--647
 []|\OT1/cmr/m/n/10.95 Estudiantes 
 []


Overfull \hbox (1.18617pt too wide) in paragraph at lines 647--647
 []|\OT1/cmr/m/n/10.95 Estudiantes 
 []


Overfull \hbox (1.18617pt too wide) in paragraph at lines 647--647
 []|\OT1/cmr/m/n/10.95 Estudiantes 
 []


Overfull \hbox (1.18617pt too wide) in paragraph at lines 647--647
 []|\OT1/cmr/m/n/10.95 Estudiantes 
 []


Overfull \hbox (210.9588pt too wide) in alignment at lines 647--647
[][][][][][][] 
 []


Underfull \vbox (badness 10000) has occurred while \output is active []

LaTeX Info: Redefining \. on input line 649.
LaTeX Info: Redefining \% on input line 649.
 [41]
Underfull \vbox (badness 10000) has occurred while \output is active []

 [42]
<diagrama_casos_uso.png, id=706, 443.6575pt x 572.1375pt>
File: diagrama_casos_uso.png Graphic file (type png)

<use diagrama_casos_uso.png>
Package pdftex.def Info: diagrama_casos_uso.png used on input line 656.
(pdftex.def)             Requested size: 239.57147pt x 308.94965pt.
 <secuencia1.png, id=707, 443.6575pt x 146.5475pt>
File: secuencia1.png Graphic file (type png)

<use secuencia1.png>
Package pdftex.def Info: secuencia1.png used on input line 662.
(pdftex.def)             Requested size: 443.6564pt x 146.54712pt.

Overfull \hbox (83.6564pt too wide) in paragraph at lines 662--663
 [][] 
 []

<secuencia2.png, id=708, 442.65375pt x 112.42pt>
File: secuencia2.png Graphic file (type png)
 <use secuencia2.png>
Package pdftex.def Info: secuencia2.png used on input line 666.
(pdftex.def)             Requested size: 442.65265pt x 112.41972pt.

Overfull \hbox (82.65265pt too wide) in paragraph at lines 666--667
 [][] 
 []

LaTeX Info: Redefining \. on input line 667.
LaTeX Info: Redefining \% on input line 667.
[43pdfTeX warning (ext4): destination with the same identifier (name{figure.5.1
}) has been already used, duplicate ignored

\AtBegShi@Output ...ipout \box \AtBeginShipoutBox 
                                                  \fi \fi 
l.667 \end{figure}
                   <./diagrama_casos_uso.png>]
<secuencia3.png, id=719, 442.65375pt x 147.55125pt>
File: secuencia3.png Graphic file (type png)
 <use secuencia3.png>
Package pdftex.def Info: secuencia3.png used on input line 670.
(pdftex.def)             Requested size: 442.65265pt x 147.55087pt.

Overfull \hbox (82.65265pt too wide) in paragraph at lines 670--671
 [][] 
 []

<secuencia4.png, id=720, 442.65375pt x 149.55875pt>
File: secuencia4.png Graphic file (type png)
 <use secuencia4.png>
Package pdftex.def Info: secuencia4.png used on input line 674.
(pdftex.def)             Requested size: 442.65265pt x 149.55838pt.

Overfull \hbox (82.65265pt too wide) in paragraph at lines 674--675
 [][] 
 []

<secuencia5.png, id=721, 443.6575pt x 193.72375pt>
File: secuencia5.png Graphic file (type png)
 <use secuencia5.png>
Package pdftex.def Info: secuencia5.png used on input line 678.
(pdftex.def)             Requested size: 443.6564pt x 193.72327pt.

Overfull \hbox (83.6564pt too wide) in paragraph at lines 678--679
 [][] 
 []


Underfull \vbox (badness 10000) has occurred while \output is active []

 [44 <./secuencia1.png> <./secuencia2.png> <./secuencia3.png>]
<secuencia6.png, id=730, 442.65375pt x 144.54pt>
File: secuencia6.png Graphic file (type png)
 <use secuencia6.png>
Package pdftex.def Info: secuencia6.png used on input line 682.
(pdftex.def)             Requested size: 442.65265pt x 144.53963pt.

Overfull \hbox (82.65265pt too wide) in paragraph at lines 682--683
 [][] 
 []

<secuencia7.png, id=731, 442.65375pt x 146.5475pt>
File: secuencia7.png Graphic file (type png)
 <use secuencia7.png>
Package pdftex.def Info: secuencia7.png used on input line 686.
(pdftex.def)             Requested size: 442.65265pt x 146.54712pt.

Overfull \hbox (82.65265pt too wide) in paragraph at lines 686--687
 [][] 
 []

<secuencia8.png, id=732, 443.6575pt x 197.73875pt>
File: secuencia8.png Graphic file (type png)
 <use secuencia8.png>
Package pdftex.def Info: secuencia8.png used on input line 690.
(pdftex.def)             Requested size: 443.6564pt x 197.73827pt.

Overfull \hbox (83.6564pt too wide) in paragraph at lines 690--691
 [][] 
 []

LaTeX Info: Redefining \. on input line 691.
LaTeX Info: Redefining \% on input line 691.
[45 <./secuencia4.png> <./secuencia5.png> <./secuencia6.png>]
<secuencia9.png, id=740, 443.6575pt x 117.43875pt>
File: secuencia9.png Graphic file (type png)
 <use secuencia9.png>
Package pdftex.def Info: secuencia9.png used on input line 694.
(pdftex.def)             Requested size: 443.6564pt x 117.43845pt.

Overfull \hbox (83.6564pt too wide) in paragraph at lines 694--695
 [][] 
 []

<secuencia10.png, id=741, 442.65375pt x 151.56625pt>
File: secuencia10.png Graphic file (type png)
 <use secuencia10.png>
Package pdftex.def Info: secuencia10.png used on input line 698.
(pdftex.def)             Requested size: 442.65265pt x 151.56587pt.

Overfull \hbox (82.65265pt too wide) in paragraph at lines 698--699
 [][] 
 []

<secuencia11.png, id=742, 442.65375pt x 119.44624pt>
File: secuencia11.png Graphic file (type png)
 <use secuencia11.png>
Package pdftex.def Info: secuencia11.png used on input line 702.
(pdftex.def)             Requested size: 442.65265pt x 119.44594pt.

Overfull \hbox (82.65265pt too wide) in paragraph at lines 702--703
 [][] 
 []


Underfull \vbox (badness 5091) has occurred while \output is active []

 [46 <./secuencia7.png> <./secuencia8.png> <./secuencia9.png>]
<secuencia12.png, id=750, 443.6575pt x 96.36pt>
File: secuencia12.png Graphic file (type png)
 <use secuencia12.png>
Package pdftex.def Info: secuencia12.png used on input line 706.
(pdftex.def)             Requested size: 443.6564pt x 96.35974pt.

Overfull \hbox (83.6564pt too wide) in paragraph at lines 706--707
 [][] 
 []

<secuencia13.png, id=751, 442.65375pt x 101.37875pt>
File: secuencia13.png Graphic file (type png)
 <use secuencia13.png>
Package pdftex.def Info: secuencia13.png used on input line 710.
(pdftex.def)             Requested size: 442.65265pt x 101.3785pt.

Overfull \hbox (82.65265pt too wide) in paragraph at lines 710--711
 [][] 
 []


Package tabularx Warning: X Columns too narrow (table too wide)
(tabularx)                 on input line 732.


Overfull \hbox (71.42493pt too wide) in alignment at lines 732--732
[][] 
 []


Package tabularx Warning: X Columns too narrow (table too wide)
(tabularx)                 on input line 752.


Overfull \hbox (71.42493pt too wide) in alignment at lines 752--752
[][] 
 []

LaTeX Info: Redefining \. on input line 753.
LaTeX Info: Redefining \% on input line 753.
[47 <./secuencia10.png> <./secuencia11.png> <./secuencia12.png> <./secuencia13.
png>]

Package tabularx Warning: X Columns too narrow (table too wide)
(tabularx)                 on input line 773.


Overfull \hbox (71.42493pt too wide) in alignment at lines 773--773
[][] 
 []


Underfull \vbox (badness 10000) has occurred while \output is active []

 [48]

Package tabularx Warning: X Columns too narrow (table too wide)
(tabularx)                 on input line 789.


Overfull \hbox (102.54482pt too wide) in alignment at lines 789--789
[][][] 
 []


Package tabularx Warning: X Columns too narrow (table too wide)
(tabularx)                 on input line 803.


Overfull \hbox (48.04614pt too wide) in alignment at lines 803--803
[][][] 
 []


Package tabularx Warning: X Columns too narrow (table too wide)
(tabularx)                 on input line 818.


Overfull \hbox (48.04614pt too wide) in alignment at lines 818--818
[][][] 
 []


Underfull \vbox (badness 10000) has occurred while \output is active []

LaTeX Info: Redefining \. on input line 820.
LaTeX Info: Redefining \% on input line 820.
 [49]

Package tabularx Warning: X Columns too narrow (table too wide)
(tabularx)                 on input line 832.


Overfull \hbox (48.04614pt too wide) in alignment at lines 832--832
[][][] 
 []


Package tabularx Warning: X Columns too narrow (table too wide)
(tabularx)                 on input line 846.


Overfull \hbox (48.04614pt too wide) in alignment at lines 846--846
[][][] 
 []


Package tabularx Warning: X Columns too narrow (table too wide)
(tabularx)                 on input line 860.


Overfull \hbox (48.04614pt too wide) in alignment at lines 860--860
[][][] 
 []


Package tabularx Warning: X Columns too narrow (table too wide)
(tabularx)                 on input line 874.


Overfull \hbox (7.74281pt too wide) in alignment at lines 874--874
[][][] 
 []


Underfull \vbox (badness 10000) has occurred while \output is active []

 [50]

Package tabularx Warning: X Columns too narrow (table too wide)
(tabularx)                 on input line 887.


Overfull \hbox (16.67918pt too wide) in alignment at lines 887--887
[][][] 
 []


Package tabularx Warning: X Columns too narrow (table too wide)
(tabularx)                 on input line 901.


Overfull \hbox (8.9914pt too wide) in alignment at lines 901--901
[][][] 
 []


Package tabularx Warning: X Columns too narrow (table too wide)
(tabularx)                 on input line 915.


Overfull \hbox (2.58875pt too wide) in alignment at lines 915--915
[][][] 
 []

<class_diagram.png, id=775, 551.05875pt x 326.21875pt>
File: class_diagram.png Graphic file (type png)
 <use class_diagram.png>
Package pdftex.def Info: class_diagram.png used on input line 923.
(pdftex.def)             Requested size: 385.73848pt x 228.35156pt.

Overfull \hbox (25.73848pt too wide) in paragraph at lines 923--924
 [][] 
 []


Underfull \vbox (badness 10000) has occurred while \output is active []

LaTeX Info: Redefining \. on input line 925.
LaTeX Info: Redefining \% on input line 925.
 [51]
<arquitectura_sistema.png, id=780, 349.305pt x 152.57pt>
File: arquitectura_sistema.png Graphic file (type png)

<use arquitectura_sistema.png>
Package pdftex.def Info: arquitectura_sistema.png used on input line 929.
(pdftex.def)             Requested size: 349.30414pt x 152.56963pt.

No file exbook2013.ind.
[52 <./class_diagram.png> <./arquitectura_sistema.png>] (./exbook2013.gls
Underfull \hbox (badness 10000) in paragraph at lines 2--2
[]|\OT1/cmr/bx/n/10.95 Page
 []

[53


]) (./exbook2013.acr)
LaTeX Info: Redefining \. on input line 941.
LaTeX Info: Redefining \% on input line 941.
 [54]

LaTeX Warning: Empty `thebibliography' environment on input line 942.

Package atveryend Info: Empty hook `BeforeClearDocument' on input line 943.
[55

]
Package atveryend Info: Empty hook `AfterLastShipout' on input line 943.
 (./exbook2013.aux
LaTeX Info: Redefining \. on input line 25.
LaTeX Info: Redefining \% on input line 25.
)
Package atveryend Info: Executing hook `AtVeryEndDocument' on input line 943.
Package atveryend Info: Executing hook `AtEndAfterFileList' on input line 943.


Package rerunfilecheck Warning: File `exbook2013.out' has changed.
(rerunfilecheck)                Rerun to get outlines right
(rerunfilecheck)                or use package `bookmark'.

Package rerunfilecheck Info: Checksums for `exbook2013.out':
(rerunfilecheck)             Before: 8F0BCBEAF31DA4A4B66903B76C8DA62E;4212
(rerunfilecheck)             After:  3F9269F43AC0A73E3A369A20BB77D0D4;2659.

LaTeX Warning: There were undefined references.


LaTeX Warning: There were multiply-defined labels.

Package atveryend Info: Empty hook `AtVeryVeryEnd' on input line 943.
 ) 
Here is how much of TeX's memory you used:
 11286 strings out of 493488
 161052 string characters out of 3141326
 322247 words of memory out of 3000000
 14104 multiletter control sequences out of 15000+200000
 12410 words of font info for 43 fonts, out of 3000000 for 9000
 957 hyphenation exceptions out of 8191
 37i,14n,72p,1451b,1916s stack positions out of 5000i,500n,10000p,200000b,50000s
pdfTeX warning (dest): name{glo:rpg} has been referenced but does not exist, 
replaced by a fixed one

pdfTeX warning (dest): name{glo:gps} has been referenced but does not exist, re
placed by a fixed one

pdfTeX warning (dest): name{subsection.9.8.2} has been referenced but does not 
exist, replaced by a fixed one

pdfTeX warning (dest): name{subsection.9.8.1} has been referenced but does not 
exist, replaced by a fixed one

pdfTeX warning (dest): name{section.9.8} has been referenced but does not exist
, replaced by a fixed one

pdfTeX warning (dest): name{subsection.9.7.5} has been referenced but does not 
exist, replaced by a fixed one

pdfTeX warning (dest): name{subsection.9.7.4} has been referenced but does not 
exist, replaced by a fixed one

pdfTeX warning (dest): name{subsection.9.7.3} has been referenced but does not 
exist, replaced by a fixed one

pdfTeX warning (dest): name{subsection.9.7.2} has been referenced but does not 
exist, replaced by a fixed one

pdfTeX warning (dest): name{subsection.9.7.1} has been referenced but does not 
exist, replaced by a fixed one

pdfTeX warning (dest): name{section.9.7} has been referenced but does not exist
, replaced by a fixed one

pdfTeX warning (dest): name{subsection.9.6.4} has been referenced but does not 
exist, replaced by a fixed one

pdfTeX warning (dest): name{subsection.9.6.3} has been referenced but does not 
exist, replaced by a fixed one

pdfTeX warning (dest): name{subsection.9.6.2} has been referenced but does not 
exist, replaced by a fixed one

pdfTeX warning (dest): name{subsection.9.6.1} has been referenced but does not 
exist, replaced by a fixed one

pdfTeX warning (dest): name{section.9.6} has been referenced but does not exist
, replaced by a fixed one

pdfTeX warning (dest): name{subsection.9.5.2} has been referenced but does not 
exist, replaced by a fixed one

pdfTeX warning (dest): name{subsection.9.5.1} has been referenced but does not 
exist, replaced by a fixed one

pdfTeX warning (dest): name{section.9.5} has been referenced but does not exist
, replaced by a fixed one

pdfTeX warning (dest): name{section.9.4} has been referenced but does not exist
, replaced by a fixed one

pdfTeX warning (dest): name{section.9.3} has been referenced but does not exist
, replaced by a fixed one

pdfTeX warning (dest): name{section.9.2} has been referenced but does not exist
, replaced by a fixed one

pdfTeX warning (dest): name{section.9.1} has been referenced but does not exist
, replaced by a fixed one

pdfTeX warning (dest): name{chapter.9} has been referenced but does not exist, 
replaced by a fixed one

pdfTeX warning (dest): name{section.8.3} has been referenced but does not exist
, replaced by a fixed one

pdfTeX warning (dest): name{section.8.2} has been referenced but does not exist
, replaced by a fixed one

pdfTeX warning (dest): name{section.8.1} has been referenced but does not exist
, replaced by a fixed one

pdfTeX warning (dest): name{chapter.8} has been referenced but does not exist, 
replaced by a fixed one

pdfTeX warning (dest): name{section.7.4} has been referenced but does not exist
, replaced by a fixed one

pdfTeX warning (dest): name{section.7.3} has been referenced but does not exist
, replaced by a fixed one

pdfTeX warning (dest): name{section.7.2} has been referenced but does not exist
, replaced by a fixed one

pdfTeX warning (dest): name{section.7.1} has been referenced but does not exist
, replaced by a fixed one

pdfTeX warning (dest): name{chapter.7} has been referenced but does not exist, 
replaced by a fixed one

pdfTeX warning (dest): name{section.6.5} has been referenced but does not exist
, replaced by a fixed one

pdfTeX warning (dest): name{section.6.4} has been referenced but does not exist
, replaced by a fixed one

pdfTeX warning (dest): name{section.6.3} has been referenced but does not exist
, replaced by a fixed one

pdfTeX warning (dest): name{section.6.2} has been referenced but does not exist
, replaced by a fixed one

pdfTeX warning (dest): name{section.6.1} has been referenced but does not exist
, replaced by a fixed one

pdfTeX warning (dest): name{chapter.6} has been referenced but does not exist, 
replaced by a fixed one

pdfTeX warning (dest): name{section.3.2} has been referenced but does not exist
, replaced by a fixed one

pdfTeX warning (dest): name{section.2.4} has been referenced but does not exist
, replaced by a fixed one

pdfTeX warning (dest): name{section.2.3} has been referenced but does not exist
, replaced by a fixed one

pdfTeX warning (dest): name{section.2.2} has been referenced but does not exist
, replaced by a fixed one

pdfTeX warning (dest): name{section.2.1} has been referenced but does not exist
, replaced by a fixed one

</usr/local/texlive/2012/texmf-dist/fonts/type1/public/amsfonts/cm/cmbx10.pfb><
/usr/local/texlive/2012/texmf-dist/fonts/type1/public/amsfonts/cm/cmbx12.pfb></
usr/local/texlive/2012/texmf-dist/fonts/type1/public/amsfonts/cm/cmcsc10.pfb></
usr/local/texlive/2012/texmf-dist/fonts/type1/public/amsfonts/cm/cmr10.pfb></us
r/local/texlive/2012/texmf-dist/fonts/type1/public/amsfonts/cm/cmr12.pfb></usr/
local/texlive/2012/texmf-dist/fonts/type1/public/amsfonts/cm/cmr6.pfb></usr/loc
al/texlive/2012/texmf-dist/fonts/type1/public/amsfonts/cm/cmr8.pfb></usr/local/
texlive/2012/texmf-dist/fonts/type1/public/amsfonts/cm/cmr9.pfb></usr/local/tex
live/2012/texmf-dist/fonts/type1/public/amsfonts/cm/cmsl10.pfb></usr/local/texl
ive/2012/texmf-dist/fonts/type1/public/amsfonts/cm/cmsy10.pfb></usr/local/texli
ve/2012/texmf-dist/fonts/type1/public/amsfonts/cm/cmti10.pfb></usr/local/texliv
e/2012/texmf-dist/fonts/type1/public/amsfonts/cm/cmtt10.pfb>
Output written on exbook2013.pdf (61 pages, 2696117 bytes).
PDF statistics:
 916 PDF objects out of 1000 (max. 8388607)
 783 compressed objects within 8 object streams
 270 named destinations out of 1000 (max. 500000)
 639 words of extra memory for PDF output out of 10000 (max. 10000000)

